#
# An unexpected error has been detected by Java Runtime Environment:
#
#  SIGSEGV (0xb) at pc=0xad3d5a37, pid=4421, tid=2900044688
#
# Java VM: Java HotSpot(TM) Client VM (11.0-b15 mixed mode linux-x86)
# Problematic frame:
# 
[error occurred during error reporting (printing problematic frame), id 0xb]

# If you would like to submit a bug report, please visit:
#   http://java.sun.com/webapps/bugreport/crash.jsp
#

---------------  T H R E A D  ---------------

Current thread is native thread

siginfo:si_signo=SIGSEGV: si_errno=0, si_code=1 (SEGV_MAPERR), si_addr=0xfffeac8e

Registers:
EAX=0x00000000, EBX=0x00000001, ECX=0x00000000, EDX=0x00000002
ESP=0xacdb2140, EBP=0xacdb22a8, ESI=0xad5406fc, EDI=0xacdb21f0
EIP=0xad3d5a37, CR2=0xfffeac8e, EFLAGS=0x00010217

Top of Stack: (sp=0xacdb2140)
0xacdb2140:   0000000b acdb21f0 acdb2170 00000000
0xacdb2150:   acdb2270 00000020 ad54067c acdb2170
0xacdb2160:   00000020 ad5405fc acdb21f0 ad3d64c2
0xacdb2170:   00000000 00000000 00000000 00000000
0xacdb2180:   00000000 00000000 00000000 00000000
0xacdb2190:   00000000 00000000 00000000 00000000
0xacdb21a0:   00000000 00000000 00000000 00000000
0xacdb21b0:   00000000 00000000 00000000 00000000 

Instructions: (pc=0xad3d5a37)
0xad3d5a27:   ff 20 00 00 00 8b bd b4 fe ff ff 8b b5 b0 fe ff
0xad3d5a37:   ff 8b 8d ac fe ff ff f3 a5 8b 45 08 8b 80 14 01 

Stack: [0xac5b2000,0xacdb3000],  sp=0xacdb2140,  free space=8192k
Native frames: (J=compiled Java code, j=interpreted, Vv=VM code, C=native code)

[error occurred during error reporting (printing native stack), id 0xb]


---------------  P R O C E S S  ---------------

VM state:not at safepoint (normal execution)

VM Mutex/Monitor currently owned by a thread: None

Heap
 def new generation   total 960K, used 334K [0xadb00000, 0xadc00000, 0xadfe0000)
  eden space 896K,  37% used [0xadb00000, 0xadb53878, 0xadbe0000)
  from space 64K,   0% used [0xadbe0000, 0xadbe0000, 0xadbf0000)
  to   space 64K,   0% used [0xadbf0000, 0xadbf0000, 0xadc00000)
 tenured generation   total 4096K, used 0K [0xadfe0000, 0xae3e0000, 0xb1b00000)
   the space 4096K,   0% used [0xadfe0000, 0xadfe0000, 0xadfe0200, 0xae3e0000)
 compacting perm gen  total 12288K, used 1812K [0xb1b00000, 0xb2700000, 0xb5b00000)
   the space 12288K,  14% used [0xb1b00000, 0xb1cc5078, 0xb1cc5200, 0xb2700000)
No shared spaces configured.

Dynamic libraries:
06000000-0642a000 r-xp 00000000 08:01 67167      /usr/lib/jvm/java-6-sun-1.6.0.10/jre/lib/i386/client/libjvm.so
0642a000-06444000 rwxp 0042a000 08:01 67167      /usr/lib/jvm/java-6-sun-1.6.0.10/jre/lib/i386/client/libjvm.so
06444000-06864000 rwxp 06444000 00:00 0 
08048000-08052000 r-xp 00000000 08:01 3047473    /usr/lib/jvm/java-6-sun-1.6.0.10/jre/bin/java
08052000-08053000 rwxp 00009000 08:01 3047473    /usr/lib/jvm/java-6-sun-1.6.0.10/jre/bin/java
09d9d000-09ec8000 rwxp 09d9d000 00:00 0          [heap]
ac31e000-ac341000 r-xp 00000000 08:01 9358136    /usr/share/fonts/truetype/freefont/FreeMonoBold.ttf
ac341000-ac5b2000 rwxp ac341000 00:00 0 
ac5b2000-ac5b3000 ---p ac5b2000 00:00 0 
ac5b3000-ad024000 rwxp ac5b3000 00:00 0 
ad024000-ad048000 r-xp 00000000 08:01 9126578    /usr/lib/libexpat.so.1.5.2
ad048000-ad04a000 r-xp 00023000 08:01 9126578    /usr/lib/libexpat.so.1.5.2
ad04a000-ad04b000 rwxp 00025000 08:01 9126578    /usr/lib/libexpat.so.1.5.2
ad04b000-ad062000 r-xp 00000000 08:01 9126494    /usr/lib/libxcb.so.1.0.0
ad062000-ad063000 r-xp 00016000 08:01 9126494    /usr/lib/libxcb.so.1.0.0
ad063000-ad064000 rwxp 00017000 08:01 9126494    /usr/lib/libxcb.so.1.0.0
ad064000-ad078000 r-xp 00000000 08:01 9126063    /usr/lib/libz.so.1.2.3.3
ad078000-ad07a000 rwxp 00013000 08:01 9126063    /usr/lib/libz.so.1.2.3.3
ad07a000-ad09e000 r-xp 00000000 08:01 9127365    /usr/lib/libpng12.so.0.27.0
ad09e000-ad09f000 r-xp 00023000 08:01 9127365    /usr/lib/libpng12.so.0.27.0
ad09f000-ad0a0000 rwxp 00024000 08:01 9127365    /usr/lib/libpng12.so.0.27.0
ad0a0000-ad111000 r-xp 00000000 08:01 9126622    /usr/lib/libfreetype.so.6.3.18
ad111000-ad115000 r-xp 00070000 08:01 9126622    /usr/lib/libfreetype.so.6.3.18
ad115000-ad116000 rwxp 00074000 08:01 9126622    /usr/lib/libfreetype.so.6.3.18
ad116000-ad141000 r-xp 00000000 08:01 9129730    /usr/lib/libfontconfig.so.1.3.0
ad141000-ad142000 r-xp 0002a000 08:01 9129730    /usr/lib/libfontconfig.so.1.3.0
ad142000-ad143000 rwxp 0002b000 08:01 9129730    /usr/lib/libfontconfig.so.1.3.0
ad143000-ad162000 r-xp 00000000 08:01 9127985    /usr/lib/libjpeg.so.62.0.0
ad162000-ad163000 rwxp 0001e000 08:01 9127985    /usr/lib/libjpeg.so.62.0.0
ad163000-ad24e000 r-xp 00000000 08:01 9126721    /usr/lib/libX11.so.6.2.0
ad24e000-ad24f000 r-xp 000ea000 08:01 9126721    /usr/lib/libX11.so.6.2.0
ad24f000-ad251000 rwxp 000eb000 08:01 9126721    /usr/lib/libX11.so.6.2.0
ad251000-ad252000 rwxp ad251000 00:00 0 
ad252000-ad261000 r-xp 00000000 08:01 9126853    /usr/lib/libXpm.so.4.11.0
ad261000-ad262000 rwxp 0000f000 08:01 9126853    /usr/lib/libXpm.so.4.11.0
ad262000-ad26f000 r-xp 00000000 08:01 3145752    /lib/libgcc_s.so.1
ad26f000-ad270000 r-xp 0000c000 08:01 3145752    /lib/libgcc_s.so.1
ad270000-ad271000 rwxp 0000d000 08:01 3145752    /lib/libgcc_s.so.1
ad271000-ad354000 r-xp 00000000 08:01 9129919    /usr/lib/libstdc++.so.6.0.10
ad354000-ad358000 r-xp 000e3000 08:01 9129919    /usr/lib/libstdc++.so.6.0.10
ad358000-ad359000 rwxp 000e7000 08:01 9129919    /usr/lib/libstdc++.so.6.0.10
ad359000-ad35f000 rwxp ad359000 00:00 0 
ad35f000-ad36b000 r-xp 00000000 08:01 9125993    /usr/lib/libboost_thread-gcc42-mt-1_34_1.so.1.34.1
ad36b000-ad36c000 rwxp 0000b000 08:01 9125993    /usr/lib/libboost_thread-gcc42-mt-1_34_1.so.1.34.1
ad36c000-ad38a000 r-xp 00000000 08:01 9126382    /usr/lib/libgd.so.2.0.0
ad38a000-ad38b000 r-xp 0001d000 08:01 9126382    /usr/lib/libgd.so.2.0.0
ad38b000-ad3aa000 rwxp 0001e000 08:01 9126382    /usr/lib/libgd.so.2.0.0
ad3aa000-ad3ae000 rwxp ad3aa000 00:00 0 
ad3c8000-ad3e2000 r-xp 00000000 08:01 6176850    /usr/local/lib/libcameraserver.so
ad3e2000-ad3e3000 r-xp 00019000 08:01 6176850    /usr/local/lib/libcameraserver.so
ad3e3000-ad3e4000 rwxp 0001a000 08:01 6176850    /usr/local/lib/libcameraserver.so
ad3e4000-ad3fe000 r-xs 001a2000 08:01 6586369    /usr/lib/jvm/java-6-sun-1.6.0.10/jre/lib/ext/jmf.jar
ad3fe000-ad3ff000 ---p ad3fe000 00:00 0 
ad3ff000-ad47f000 rwxp ad3ff000 00:00 0 
ad47f000-ad482000 ---p ad47f000 00:00 0 
ad482000-ad500000 rwxp ad482000 00:00 0 
ad500000-ad5bf000 rwxp ad500000 00:00 0 
ad5bf000-ad600000 ---p ad5bf000 00:00 0 
ad605000-ad608000 ---p ad605000 00:00 0 
ad608000-ad656000 rwxp ad608000 00:00 0 
ad656000-ad659000 ---p ad656000 00:00 0 
ad659000-ad6a7000 rwxp ad659000 00:00 0 
ad6a7000-ad6aa000 ---p ad6a7000 00:00 0 
ad6aa000-ad6f8000 rwxp ad6aa000 00:00 0 
ad6f8000-ad6fb000 ---p ad6f8000 00:00 0 
ad6fb000-ad749000 rwxp ad6fb000 00:00 0 
ad749000-ad74c000 ---p ad749000 00:00 0 
ad74c000-ad79a000 rwxp ad74c000 00:00 0 
ad79a000-ad79d000 ---p ad79a000 00:00 0 
ad79d000-ad7eb000 rwxp ad79d000 00:00 0 
ad7eb000-ad7ee000 ---p ad7eb000 00:00 0 
ad7ee000-ad83c000 rwxp ad7ee000 00:00 0 
ad83c000-ad83d000 ---p ad83c000 00:00 0 
ad83d000-ad8f0000 rwxp ad83d000 00:00 0 
ad8f0000-ada80000 r-xs 02eed000 08:01 9639033    /usr/lib/jvm/java-6-sun-1.6.0.10/jre/lib/rt.jar
ada80000-ada87000 rwxp ada80000 00:00 0 
ada87000-adaa1000 rwxp ada87000 00:00 0 
adaa1000-adaa4000 rwxp adaa1000 00:00 0 
adaa4000-adabf000 rwxp adaa4000 00:00 0 
adabf000-adac0000 rwxp adabf000 00:00 0 
adac0000-adac1000 rwxp adac0000 00:00 0 
adac1000-adac4000 rwxp adac1000 00:00 0 
adac4000-adadf000 rwxp adac4000 00:00 0 
adadf000-adae5000 rwxp adadf000 00:00 0 
adae5000-adaff000 rwxp adae5000 00:00 0 
adaff000-adc00000 rwxp adaff000 00:00 0 
adc00000-adfe0000 rwxp adc00000 00:00 0 
adfe0000-ae3e0000 rwxp adfe0000 00:00 0 
ae3e0000-b1b00000 rwxp ae3e0000 00:00 0 
b1b00000-b2700000 rwxp b1b00000 00:00 0 
b2700000-b5b00000 rwxp b2700000 00:00 0 
b5b01000-b5b05000 r-xp 00000000 08:01 9126433    /usr/lib/libXdmcp.so.6.0.0
b5b05000-b5b06000 rwxp 00003000 08:01 9126433    /usr/lib/libXdmcp.so.6.0.0
b5b06000-b5b08000 r-xp 00000000 08:01 9130064    /usr/lib/libXau.so.6.0.0
b5b08000-b5b09000 rwxp 00001000 08:01 9130064    /usr/lib/libXau.so.6.0.0
b5b09000-b5b0a000 r-xp 00000000 08:01 9126430    /usr/lib/libxcb-xlib.so.0.0.0
b5b0a000-b5b0b000 r-xp 00000000 08:01 9126430    /usr/lib/libxcb-xlib.so.0.0.0
b5b0b000-b5b0c000 rwxp 00001000 08:01 9126430    /usr/lib/libxcb-xlib.so.0.0.0
b5b0c000-b5b0e000 rwxp b5b0c000 00:00 0 
b5b0e000-b5b8c000 rwxp b5b0e000 00:00 0 
b5b8c000-b5c0c000 rwxp b5b8c000 00:00 0 
b5c0c000-b7b8c000 rwxp b5c0c000 00:00 0 
b7b8c000-b7b9b000 r-xp 00000000 08:01 9638972    /usr/lib/jvm/java-6-sun-1.6.0.10/jre/lib/i386/libzip.so
b7b9b000-b7b9d000 rwxp 0000e000 08:01 9638972    /usr/lib/jvm/java-6-sun-1.6.0.10/jre/lib/i386/libzip.so
b7b9d000-b7bc0000 r-xp 00000000 08:01 9638971    /usr/lib/jvm/java-6-sun-1.6.0.10/jre/lib/i386/libjava.so
b7bc0000-b7bc2000 rwxp 00023000 08:01 9638971    /usr/lib/jvm/java-6-sun-1.6.0.10/jre/lib/i386/libjava.so
b7bc2000-b7bc9000 r-xp 00000000 08:01 8863898    /lib/tls/i686/cmov/libnss_compat-2.8.90.so
b7bc9000-b7bca000 r-xp 00006000 08:01 8863898    /lib/tls/i686/cmov/libnss_compat-2.8.90.so
b7bca000-b7bcb000 rwxp 00007000 08:01 8863898    /lib/tls/i686/cmov/libnss_compat-2.8.90.so
b7bcb000-b7bcc000 rwxp b7bcb000 00:00 0 
b7bcc000-b7bcd000 r-xs 0000d000 08:01 6586377    /usr/lib/jvm/java-6-sun-1.6.0.10/jre/lib/ext/multiplayer.jar
b7bcd000-b7bd0000 r-xp 00000000 08:01 9639000    /usr/lib/jvm/java-6-sun-1.6.0.10/jre/lib/i386/libdt_socket.so
b7bd0000-b7bd1000 rwxp 00003000 08:01 9639000    /usr/lib/jvm/java-6-sun-1.6.0.10/jre/lib/i386/libdt_socket.so
b7bd1000-b7bdc000 r-xp 00000000 08:01 9638970    /usr/lib/jvm/java-6-sun-1.6.0.10/jre/lib/i386/libverify.so
b7bdc000-b7bdd000 rwxp 0000b000 08:01 9638970    /usr/lib/jvm/java-6-sun-1.6.0.10/jre/lib/i386/libverify.so
b7bdd000-b7be5000 rwxs 00000000 08:01 5816912    /tmp/hsperfdata_pablo/4421
b7be5000-b7c24000 r-xp 00000000 08:01 9191604    /usr/lib/locale/en_US.utf8/LC_CTYPE
b7c24000-b7c25000 r-xp 00000000 08:01 9192370    /usr/lib/locale/en_US.utf8/LC_NUMERIC
b7c25000-b7c26000 r-xp 00000000 08:01 9191893    /usr/lib/locale/en_US.utf8/LC_TIME
b7c26000-b7d07000 r-xp 00000000 08:01 9191605    /usr/lib/locale/en_US.utf8/LC_COLLATE
b7d07000-b7d40000 r-xp 00000000 08:01 9638999    /usr/lib/jvm/java-6-sun-1.6.0.10/jre/lib/i386/libjdwp.so
b7d40000-b7d41000 rwxp 00039000 08:01 9638999    /usr/lib/jvm/java-6-sun-1.6.0.10/jre/lib/i386/libjdwp.so
b7d41000-b7d56000 r-xp 00000000 08:01 8863897    /lib/tls/i686/cmov/libnsl-2.8.90.so
b7d56000-b7d57000 r-xp 00014000 08:01 8863897    /lib/tls/i686/cmov/libnsl-2.8.90.so
b7d57000-b7d58000 rwxp 00015000 08:01 8863897    /lib/tls/i686/cmov/libnsl-2.8.90.so
b7d58000-b7d5a000 rwxp b7d58000 00:00 0 
b7d5a000-b7d5b000 r-xs 00008000 08:01 6586376    /usr/lib/jvm/java-6-sun-1.6.0.10/jre/lib/ext/mediaplayer.jar
b7d5b000-b7d65000 r-xp 00000000 08:01 8863900    /lib/tls/i686/cmov/libnss_files-2.8.90.so
b7d65000-b7d66000 r-xp 00009000 08:01 8863900    /lib/tls/i686/cmov/libnss_files-2.8.90.so
b7d66000-b7d67000 rwxp 0000a000 08:01 8863900    /lib/tls/i686/cmov/libnss_files-2.8.90.so
b7d67000-b7d70000 r-xp 00000000 08:01 8863903    /lib/tls/i686/cmov/libnss_nis-2.8.90.so
b7d70000-b7d71000 r-xp 00008000 08:01 8863903    /lib/tls/i686/cmov/libnss_nis-2.8.90.so
b7d71000-b7d72000 rwxp 00009000 08:01 8863903    /lib/tls/i686/cmov/libnss_nis-2.8.90.so
b7d72000-b7d73000 r-xp 00000000 08:01 9191894    /usr/lib/locale/en_US.utf8/LC_MONETARY
b7d73000-b7d74000 r-xp 00000000 08:01 9192283    /usr/lib/locale/en_US.utf8/LC_MESSAGES/SYS_LC_MESSAGES
b7d74000-b7d7b000 r-xp 00000000 08:01 8863908    /lib/tls/i686/cmov/librt-2.8.90.so
b7d7b000-b7d7c000 r-xp 00007000 08:01 8863908    /lib/tls/i686/cmov/librt-2.8.90.so
b7d7c000-b7d7d000 rwxp 00008000 08:01 8863908    /lib/tls/i686/cmov/librt-2.8.90.so
b7d7d000-b7d80000 ---p b7d7d000 00:00 0 
b7d80000-b7dce000 rwxp b7d80000 00:00 0 
b7dce000-b7df2000 r-xp 00000000 08:01 8863895    /lib/tls/i686/cmov/libm-2.8.90.so
b7df2000-b7df3000 r-xp 00023000 08:01 8863895    /lib/tls/i686/cmov/libm-2.8.90.so
b7df3000-b7df4000 rwxp 00024000 08:01 8863895    /lib/tls/i686/cmov/libm-2.8.90.so
b7df4000-b7df5000 rwxp b7df4000 00:00 0 
b7df5000-b7f4d000 r-xp 00000000 08:01 8863804    /lib/tls/i686/cmov/libc-2.8.90.so
b7f4d000-b7f4f000 r-xp 00158000 08:01 8863804    /lib/tls/i686/cmov/libc-2.8.90.so
b7f4f000-b7f50000 rwxp 0015a000 08:01 8863804    /lib/tls/i686/cmov/libc-2.8.90.so
b7f50000-b7f53000 rwxp b7f50000 00:00 0 
b7f53000-b7f55000 r-xp 00000000 08:01 8863810    /lib/tls/i686/cmov/libdl-2.8.90.so
b7f55000-b7f56000 r-xp 00001000 08:01 8863810    /lib/tls/i686/cmov/libdl-2.8.90.so
b7f56000-b7f57000 rwxp 00002000 08:01 8863810    /lib/tls/i686/cmov/libdl-2.8.90.so
b7f57000-b7f5e000 r-xp 00000000 08:01 81939      /usr/lib/jvm/java-6-sun-1.6.0.10/jre/lib/i386/jli/libjli.so
b7f5e000-b7f60000 rwxp 00006000 08:01 81939      /usr/lib/jvm/java-6-sun-1.6.0.10/jre/lib/i386/jli/libjli.so
b7f60000-b7f61000 rwxp b7f60000 00:00 0 
b7f61000-b7f76000 r-xp 00000000 08:01 8863906    /lib/tls/i686/cmov/libpthread-2.8.90.so
b7f76000-b7f77000 r-xp 00014000 08:01 8863906    /lib/tls/i686/cmov/libpthread-2.8.90.so
b7f77000-b7f78000 rwxp 00015000 08:01 8863906    /lib/tls/i686/cmov/libpthread-2.8.90.so
b7f78000-b7f7a000 rwxp b7f78000 00:00 0 
b7f7a000-b7f7b000 r-xp 00000000 08:01 9192345    /usr/lib/locale/en_US.utf8/LC_PAPER
b7f7b000-b7f7c000 r-xp 00000000 08:01 9192343    /usr/lib/locale/en_US.utf8/LC_NAME
b7f7c000-b7f7d000 r-xp 00000000 08:01 9191895    /usr/lib/locale/en_US.utf8/LC_ADDRESS
b7f7d000-b7f7e000 r-xp 00000000 08:01 9191896    /usr/lib/locale/en_US.utf8/LC_TELEPHONE
b7f7e000-b7f7f000 r-xp 00000000 08:01 9191897    /usr/lib/locale/en_US.utf8/LC_MEASUREMENT
b7f7f000-b7f86000 r-xs 00000000 08:01 9126042    /usr/lib/gconv/gconv-modules.cache
b7f86000-b7f87000 r-xp 00000000 08:01 9191898    /usr/lib/locale/en_US.utf8/LC_IDENTIFICATION
b7f87000-b7f8a000 r-xp 00000000 08:01 9638973    /usr/lib/jvm/java-6-sun-1.6.0.10/jre/lib/i386/libnpt.so
b7f8a000-b7f8b000 rwxp 00002000 08:01 9638973    /usr/lib/jvm/java-6-sun-1.6.0.10/jre/lib/i386/libnpt.so
b7f8b000-b7f91000 r-xp 00000000 08:01 3088755    /usr/lib/jvm/java-6-sun-1.6.0.10/jre/lib/i386/native_threads/libhpi.so
b7f91000-b7f92000 rwxp 00006000 08:01 3088755    /usr/lib/jvm/java-6-sun-1.6.0.10/jre/lib/i386/native_threads/libhpi.so
b7f92000-b7f93000 rwxp b7f92000 00:00 0 
b7f93000-b7f94000 r-xp b7f93000 00:00 0 
b7f94000-b7f96000 rwxp b7f94000 00:00 0 
b7f96000-b7fb0000 r-xp 00000000 08:01 9437212    /lib/ld-2.8.90.so
b7fb0000-b7fb1000 r-xp b7fb0000 00:00 0          [vdso]
b7fb1000-b7fb2000 r-xp 0001a000 08:01 9437212    /lib/ld-2.8.90.so
b7fb2000-b7fb3000 rwxp 0001b000 08:01 9437212    /lib/ld-2.8.90.so
bf99d000-bf9b2000 rwxp bffeb000 00:00 0          [stack]

VM Arguments:
jvm_args: -agentlib:jdwp=transport=dt_socket,suspend=y,address=localhost:46754 
java_command: org.com.uy.scanntech.surveillance.Test
Launcher Type: SUN_STANDARD

Environment Variables:
JAVA_HOME=/usr/lib/jvm/java-6-sun
PATH=/usr/local/sbin:/usr/local/bin:/usr/sbin:/usr/bin:/sbin:/bin:/usr/games:/opt/real/RealPlayer
USERNAME=pablo
LD_LIBRARY_PATH=/usr/lib/jvm/java-6-sun-1.6.0.10/jre/lib/i386/client:/usr/lib/jvm/java-6-sun-1.6.0.10/jre/lib/i386:/usr/lib/jvm/java-6-sun-1.6.0.10/jre/../lib/i386:/usr/lib/xulrunner
SHELL=/bin/bash
DISPLAY=:0.0

Signal Handlers:
SIGSEGV: [libjvm.so+0x3ccf60], sa_mask[0]=0x7ffbfeff, sa_flags=0x10000004
SIGBUS: [libjvm.so+0x3ccf60], sa_mask[0]=0x7ffbfeff, sa_flags=0x10000004
SIGFPE: [libjvm.so+0x30e830], sa_mask[0]=0x7ffbfeff, sa_flags=0x10000004
SIGPIPE: [libjvm.so+0x30e830], sa_mask[0]=0x7ffbfeff, sa_flags=0x10000004
SIGXFSZ: [libjvm.so+0x30e830], sa_mask[0]=0x7ffbfeff, sa_flags=0x10000004
SIGILL: [libjvm.so+0x30e830], sa_mask[0]=0x7ffbfeff, sa_flags=0x10000004
SIGUSR1: SIG_DFL, sa_mask[0]=0x00000000, sa_flags=0x00000000
SIGUSR2: [libjvm.so+0x310d00], sa_mask[0]=0x00000004, sa_flags=0x10000004
SIGHUP: [libjvm.so+0x310aa0], sa_mask[0]=0x7ffbfeff, sa_flags=0x10000004
SIGINT: [libjvm.so+0x310aa0], sa_mask[0]=0x7ffbfeff, sa_flags=0x10000004
SIGTERM: [libjvm.so+0x310aa0], sa_mask[0]=0x7ffbfeff, sa_flags=0x10000004
SIGQUIT: [libjvm.so+0x310aa0], sa_mask[0]=0x7ffbfeff, sa_flags=0x10000004


---------------  S Y S T E M  ---------------

OS:lenny/sid

uname:Linux 2.6.27-14-generic #1 SMP Tue Jun 30 19:57:39 UTC 2009 i686
libc:glibc 2.8.90 NPTL 2.8.90 
rlimit: STACK 8192k, CORE 0k, NPROC 8061, NOFILE 1024, AS infinity
load average:0.36 0.37 0.36

CPU:total 2 (2 cores per cpu, 1 threads per core) family 6 model 15 stepping 2, cmov, cx8, fxsr, mmx, sse, sse2, sse3, ssse3

Memory: 4k page, physical 1016812k(45784k free), swap 3317380k(3095912k free)

vm_info: Java HotSpot(TM) Client VM (11.0-b15) for linux-x86 JRE (1.6.0_10-b33), built on Sep 26 2008 01:18:27 by "java_re" with gcc 3.2.1-7a (J2SE release)

time: Tue Aug 25 13:56:29 2009
elapsed time: 917 seconds

