#
# An unexpected error has been detected by Java Runtime Environment:
#
#  SIGSEGV (0xb) at pc=0xb563605d, pid=6532, tid=3036752784
#
# Java VM: Java HotSpot(TM) Client VM (11.0-b15 mixed mode, sharing linux-x86)
# Problematic frame:
# C  [libcameraserver.so+0xa05d]  _ZN16SelectHttpServer15startProcessingEv+0x26f
#
# If you would like to submit a bug report, please visit:
#   http://java.sun.com/webapps/bugreport/crash.jsp
#

---------------  T H R E A D  ---------------

Current thread is native thread

siginfo:si_signo=SIGSEGV: si_errno=0, si_code=1 (SEGV_MAPERR), si_addr=0x00000030

Registers:
EAX=0x00000030, EBX=0xb5a4bb68, ECX=0x00000000, EDX=0x00000002
ESP=0xb5012140, EBP=0xb50122a8, ESI=0xb5a4bc6c, EDI=0xb50121f0
EIP=0xb563605d, CR2=0x00000030, EFLAGS=0x00010206

Top of Stack: (sp=0xb5012140)
0xb5012140:   00000009 b50121f0 b5012170 00000000
0xb5012150:   b5012270 00000020 b5a4bbec b5012170
0xb5012160:   00000020 b5a4bb6c b50121f0 b56367aa
0xb5012170:   00000000 00000000 00000000 00000000
0xb5012180:   00000000 00000000 00000000 00000000
0xb5012190:   00000000 00000000 00000000 00000000
0xb50121a0:   00000000 00000000 00000000 00000000
0xb50121b0:   00000000 00000000 00000000 00000000 

Instructions: (pc=0xb563605d)
0xb563604d:   01 00 00 3b 45 d0 7d b5 8b 45 08 8b 00 83 c0 10
0xb563605d:   8b 10 8b 45 08 89 04 24 ff d2 e9 8e fd ff ff 55 

Stack: [0xb4812000,0xb5013000],  sp=0xb5012140,  free space=8192k
Native frames: (J=compiled Java code, j=interpreted, Vv=VM code, C=native code)
C  [libcameraserver.so+0xa05d]  _ZN16SelectHttpServer15startProcessingEv+0x26f
C  [libcameraserver.so+0xa302]  _ZN16SelectHttpServer6createEv+0x1c
C  [libcameraserver.so+0xbc35]  _ZN10HttpServer11startServerEv+0x11
C  [libcameraserver.so+0xc8e0]  _ZNK5boost4_mfi3mf0Iv10HttpServerEclEPS2_+0x46
C  [libcameraserver.so+0xc942]  _ZN5boost3_bi5list1INS0_5valueIP10HttpServerEEEclINS_4_mfi3mf0IvS3_EENS0_5list0EEEvNS0_4typeIvEERT_RT0_i+0x3a
C  [libcameraserver.so+0xc985]  _ZN5boost3_bi6bind_tIvNS_4_mfi3mf0Iv10HttpServerEENS0_5list1INS0_5valueIPS4_EEEEEclEv+0x3d
C  [libcameraserver.so+0xc99e]  _ZN5boost6detail8function26void_function_obj_invoker0INS_3_bi6bind_tIvNS_4_mfi3mf0Iv10HttpServerEENS3_5list1INS3_5valueIPS7_EEEEEEvE6invokeERNS1_15function_bufferE+0x17
C  [libboost_thread-gcc42-mt-1_34_1.so.1.34.1+0x7fdc]  _ZNK5boost9function0IvSaINS_13function_baseEEEclEv+0xcc
C  [libboost_thread-gcc42-mt-1_34_1.so.1.34.1+0x7bf7]
C  [libpthread.so.0+0x650f]


---------------  P R O C E S S  ---------------

VM state:not at safepoint (normal execution)

VM Mutex/Monitor currently owned by a thread: None

Heap
 def new generation   total 960K, used 244K [0x8c060000, 0x8c160000, 0x8c540000)
  eden space 896K,  27% used [0x8c060000, 0x8c09d188, 0x8c140000)
  from space 64K,   0% used [0x8c140000, 0x8c140000, 0x8c150000)
  to   space 64K,   0% used [0x8c150000, 0x8c150000, 0x8c160000)
 tenured generation   total 4096K, used 0K [0x8c540000, 0x8c940000, 0x90060000)
   the space 4096K,   0% used [0x8c540000, 0x8c540000, 0x8c540200, 0x8c940000)
 compacting perm gen  total 12288K, used 21K [0x90060000, 0x90c60000, 0x94060000)
   the space 12288K,   0% used [0x90060000, 0x90065420, 0x90065600, 0x90c60000)
    ro space 8192K,  74% used [0x94060000, 0x94653488, 0x94653600, 0x94860000)
    rw space 12288K,  58% used [0x94860000, 0x94f6db20, 0x94f6dc00, 0x95460000)

Dynamic libraries:
06000000-0642a000 r-xp 00000000 08:01 67167      /usr/lib/jvm/java-6-sun-1.6.0.10/jre/lib/i386/client/libjvm.so
0642a000-06444000 rwxp 0042a000 08:01 67167      /usr/lib/jvm/java-6-sun-1.6.0.10/jre/lib/i386/client/libjvm.so
06444000-06864000 rwxp 06444000 00:00 0 
08048000-08052000 r-xp 00000000 08:01 3047473    /usr/lib/jvm/java-6-sun-1.6.0.10/jre/bin/java
08052000-08053000 rwxp 00009000 08:01 3047473    /usr/lib/jvm/java-6-sun-1.6.0.10/jre/bin/java
092a6000-094e5000 rwxp 092a6000 00:00 0          [heap]
8c060000-8c160000 rwxp 8c060000 00:00 0 
8c160000-8c540000 rwxp 8c160000 00:00 0 
8c540000-8c940000 rwxp 8c540000 00:00 0 
8c940000-90060000 rwxp 8c940000 00:00 0 
90060000-90c60000 rwxp 90060000 00:00 0 
90c60000-94060000 rwxp 90c60000 00:00 0 
94060000-94654000 r-xs 00001000 08:01 2855930    /usr/lib/jvm/java-6-sun-1.6.0.10/jre/lib/i386/client/classes.jsa
94654000-94860000 rwxp 94654000 00:00 0 
94860000-94f6e000 rwxp 005f5000 08:01 2855930    /usr/lib/jvm/java-6-sun-1.6.0.10/jre/lib/i386/client/classes.jsa
94f6e000-95460000 rwxp 94f6e000 00:00 0 
95460000-9553c000 rwxp 00d03000 08:01 2855930    /usr/lib/jvm/java-6-sun-1.6.0.10/jre/lib/i386/client/classes.jsa
9553c000-95860000 rwxp 9553c000 00:00 0 
95860000-95864000 r-xs 00ddf000 08:01 2855930    /usr/lib/jvm/java-6-sun-1.6.0.10/jre/lib/i386/client/classes.jsa
95864000-95c60000 rwxp 95864000 00:00 0 
b45a1000-b4812000 rwxp b45a1000 00:00 0 
b4812000-b4813000 ---p b4812000 00:00 0 
b4813000-b5284000 rwxp b4813000 00:00 0 
b5284000-b5288000 r-xp 00000000 08:01 9126433    /usr/lib/libXdmcp.so.6.0.0
b5288000-b5289000 rwxp 00003000 08:01 9126433    /usr/lib/libXdmcp.so.6.0.0
b5289000-b52ad000 r-xp 00000000 08:01 9126578    /usr/lib/libexpat.so.1.5.2
b52ad000-b52af000 r-xp 00023000 08:01 9126578    /usr/lib/libexpat.so.1.5.2
b52af000-b52b0000 rwxp 00025000 08:01 9126578    /usr/lib/libexpat.so.1.5.2
b52b0000-b52c7000 r-xp 00000000 08:01 9126494    /usr/lib/libxcb.so.1.0.0
b52c7000-b52c8000 r-xp 00016000 08:01 9126494    /usr/lib/libxcb.so.1.0.0
b52c8000-b52c9000 rwxp 00017000 08:01 9126494    /usr/lib/libxcb.so.1.0.0
b52c9000-b52dd000 r-xp 00000000 08:01 9126063    /usr/lib/libz.so.1.2.3.3
b52dd000-b52df000 rwxp 00013000 08:01 9126063    /usr/lib/libz.so.1.2.3.3
b52df000-b5303000 r-xp 00000000 08:01 9127365    /usr/lib/libpng12.so.0.27.0
b5303000-b5304000 r-xp 00023000 08:01 9127365    /usr/lib/libpng12.so.0.27.0
b5304000-b5305000 rwxp 00024000 08:01 9127365    /usr/lib/libpng12.so.0.27.0
b5305000-b5376000 r-xp 00000000 08:01 9126622    /usr/lib/libfreetype.so.6.3.18
b5376000-b537a000 r-xp 00070000 08:01 9126622    /usr/lib/libfreetype.so.6.3.18
b537a000-b537b000 rwxp 00074000 08:01 9126622    /usr/lib/libfreetype.so.6.3.18
b537b000-b53a6000 r-xp 00000000 08:01 9129730    /usr/lib/libfontconfig.so.1.3.0
b53a6000-b53a7000 r-xp 0002a000 08:01 9129730    /usr/lib/libfontconfig.so.1.3.0
b53a7000-b53a8000 rwxp 0002b000 08:01 9129730    /usr/lib/libfontconfig.so.1.3.0
b53a8000-b53c7000 r-xp 00000000 08:01 9127985    /usr/lib/libjpeg.so.62.0.0
b53c7000-b53c8000 rwxp 0001e000 08:01 9127985    /usr/lib/libjpeg.so.62.0.0
b53c8000-b54b3000 r-xp 00000000 08:01 9126721    /usr/lib/libX11.so.6.2.0
b54b3000-b54b4000 r-xp 000ea000 08:01 9126721    /usr/lib/libX11.so.6.2.0
b54b4000-b54b6000 rwxp 000eb000 08:01 9126721    /usr/lib/libX11.so.6.2.0
b54b6000-b54b7000 rwxp b54b6000 00:00 0 
b54b7000-b54c6000 r-xp 00000000 08:01 9126853    /usr/lib/libXpm.so.4.11.0
b54c6000-b54c7000 rwxp 0000f000 08:01 9126853    /usr/lib/libXpm.so.4.11.0
b54c7000-b54d4000 r-xp 00000000 08:01 3145752    /lib/libgcc_s.so.1
b54d4000-b54d5000 r-xp 0000c000 08:01 3145752    /lib/libgcc_s.so.1
b54d5000-b54d6000 rwxp 0000d000 08:01 3145752    /lib/libgcc_s.so.1
b54d6000-b55b9000 r-xp 00000000 08:01 9129919    /usr/lib/libstdc++.so.6.0.10
b55b9000-b55bd000 r-xp 000e3000 08:01 9129919    /usr/lib/libstdc++.so.6.0.10
b55bd000-b55be000 rwxp 000e7000 08:01 9129919    /usr/lib/libstdc++.so.6.0.10
b55be000-b55c4000 rwxp b55be000 00:00 0 
b55c4000-b55d0000 r-xp 00000000 08:01 9125993    /usr/lib/libboost_thread-gcc42-mt-1_34_1.so.1.34.1
b55d0000-b55d1000 rwxp 0000b000 08:01 9125993    /usr/lib/libboost_thread-gcc42-mt-1_34_1.so.1.34.1
b55d1000-b55ef000 r-xp 00000000 08:01 9126382    /usr/lib/libgd.so.2.0.0
b55ef000-b55f0000 r-xp 0001d000 08:01 9126382    /usr/lib/libgd.so.2.0.0
b55f0000-b560f000 rwxp 0001e000 08:01 9126382    /usr/lib/libgd.so.2.0.0
b560f000-b5613000 rwxp b560f000 00:00 0 
b562c000-b563f000 r-xp 00000000 08:01 1769826    /home/pablo/Desktop/jmf/cam_server/libcameraserver.so
b563f000-b5640000 rwxp 00013000 08:01 1769826    /home/pablo/Desktop/jmf/cam_server/libcameraserver.so
b5640000-b5673000 rwxp b5640000 00:00 0 
b5673000-b5803000 r-xs 02eed000 08:01 9639033    /usr/lib/jvm/java-6-sun-1.6.0.10/jre/lib/rt.jar
b5803000-b581d000 r-xs 001a2000 08:01 6586369    /usr/lib/jvm/java-6-sun-1.6.0.10/jre/lib/ext/jmf.jar
b581d000-b581e000 ---p b581d000 00:00 0 
b581e000-b589e000 rwxp b581e000 00:00 0 
b589e000-b58a1000 ---p b589e000 00:00 0 
b58a1000-b58ef000 rwxp b58a1000 00:00 0 
b58ef000-b58f2000 ---p b58ef000 00:00 0 
b58f2000-b5970000 rwxp b58f2000 00:00 0 
b5970000-b5973000 ---p b5970000 00:00 0 
b5973000-b59c1000 rwxp b5973000 00:00 0 
b59c1000-b5a00000 r-xp 00000000 08:01 9191604    /usr/lib/locale/en_US.utf8/LC_CTYPE
b5a00000-b5a4c000 rwxp b5a00000 00:00 0 
b5a4c000-b5b00000 ---p b5a4c000 00:00 0 
b5b02000-b5b04000 r-xp 00000000 08:01 9130064    /usr/lib/libXau.so.6.0.0
b5b04000-b5b05000 rwxp 00001000 08:01 9130064    /usr/lib/libXau.so.6.0.0
b5b05000-b5b0c000 r-xs 00000000 08:01 9126042    /usr/lib/gconv/gconv-modules.cache
b5b0c000-b5b0f000 ---p b5b0c000 00:00 0 
b5b0f000-b5b5d000 rwxp b5b0f000 00:00 0 
b5b5d000-b5b60000 ---p b5b5d000 00:00 0 
b5b60000-b5bae000 rwxp b5b60000 00:00 0 
b5bae000-b5baf000 ---p b5bae000 00:00 0 
b5baf000-b5c3d000 rwxp b5baf000 00:00 0 
b5c3d000-b5c57000 rwxp b5c3d000 00:00 0 
b5c57000-b5c5a000 rwxp b5c57000 00:00 0 
b5c5a000-b5c75000 rwxp b5c5a000 00:00 0 
b5c75000-b5c76000 rwxp b5c75000 00:00 0 
b5c76000-b5c77000 rwxp b5c76000 00:00 0 
b5c77000-b5c7a000 rwxp b5c77000 00:00 0 
b5c7a000-b5c95000 rwxp b5c7a000 00:00 0 
b5c95000-b5c9b000 rwxp b5c95000 00:00 0 
b5c9b000-b5cb5000 rwxp b5c9b000 00:00 0 
b5cb5000-b5cc3000 rwxp b5cb5000 00:00 0 
b5cc3000-b5d40000 rwxp b5cc3000 00:00 0 
b5d40000-b5dd8000 rwxp b5d40000 00:00 0 
b5dd8000-b7d40000 rwxp b5dd8000 00:00 0 
b7d40000-b7d4f000 r-xp 00000000 08:01 9638972    /usr/lib/jvm/java-6-sun-1.6.0.10/jre/lib/i386/libzip.so
b7d4f000-b7d51000 rwxp 0000e000 08:01 9638972    /usr/lib/jvm/java-6-sun-1.6.0.10/jre/lib/i386/libzip.so
b7d51000-b7d74000 r-xp 00000000 08:01 9638971    /usr/lib/jvm/java-6-sun-1.6.0.10/jre/lib/i386/libjava.so
b7d74000-b7d76000 rwxp 00023000 08:01 9638971    /usr/lib/jvm/java-6-sun-1.6.0.10/jre/lib/i386/libjava.so
b7d76000-b7d80000 r-xp 00000000 08:01 8863900    /lib/tls/i686/cmov/libnss_files-2.8.90.so
b7d80000-b7d81000 r-xp 00009000 08:01 8863900    /lib/tls/i686/cmov/libnss_files-2.8.90.so
b7d81000-b7d82000 rwxp 0000a000 08:01 8863900    /lib/tls/i686/cmov/libnss_files-2.8.90.so
b7d82000-b7d8b000 r-xp 00000000 08:01 8863903    /lib/tls/i686/cmov/libnss_nis-2.8.90.so
b7d8b000-b7d8c000 r-xp 00008000 08:01 8863903    /lib/tls/i686/cmov/libnss_nis-2.8.90.so
b7d8c000-b7d8d000 rwxp 00009000 08:01 8863903    /lib/tls/i686/cmov/libnss_nis-2.8.90.so
b7d8d000-b7da2000 r-xp 00000000 08:01 8863897    /lib/tls/i686/cmov/libnsl-2.8.90.so
b7da2000-b7da3000 r-xp 00014000 08:01 8863897    /lib/tls/i686/cmov/libnsl-2.8.90.so
b7da3000-b7da4000 rwxp 00015000 08:01 8863897    /lib/tls/i686/cmov/libnsl-2.8.90.so
b7da4000-b7da6000 rwxp b7da4000 00:00 0 
b7da7000-b7da8000 rwxp b7da7000 00:00 0 
b7da8000-b7da9000 r-xp 00000000 08:01 9126430    /usr/lib/libxcb-xlib.so.0.0.0
b7da9000-b7daa000 r-xp 00000000 08:01 9126430    /usr/lib/libxcb-xlib.so.0.0.0
b7daa000-b7dab000 rwxp 00001000 08:01 9126430    /usr/lib/libxcb-xlib.so.0.0.0
b7dab000-b7db6000 r-xp 00000000 08:01 9638970    /usr/lib/jvm/java-6-sun-1.6.0.10/jre/lib/i386/libverify.so
b7db6000-b7db7000 rwxp 0000b000 08:01 9638970    /usr/lib/jvm/java-6-sun-1.6.0.10/jre/lib/i386/libverify.so
b7db7000-b7dbf000 rwxs 00000000 08:01 5816870    /tmp/hsperfdata_pablo/6532
b7dbf000-b7dc6000 r-xp 00000000 08:01 8863908    /lib/tls/i686/cmov/librt-2.8.90.so
b7dc6000-b7dc7000 r-xp 00007000 08:01 8863908    /lib/tls/i686/cmov/librt-2.8.90.so
b7dc7000-b7dc8000 rwxp 00008000 08:01 8863908    /lib/tls/i686/cmov/librt-2.8.90.so
b7dc8000-b7dcb000 ---p b7dc8000 00:00 0 
b7dcb000-b7e19000 rwxp b7dcb000 00:00 0 
b7e19000-b7e3d000 r-xp 00000000 08:01 8863895    /lib/tls/i686/cmov/libm-2.8.90.so
b7e3d000-b7e3e000 r-xp 00023000 08:01 8863895    /lib/tls/i686/cmov/libm-2.8.90.so
b7e3e000-b7e3f000 rwxp 00024000 08:01 8863895    /lib/tls/i686/cmov/libm-2.8.90.so
b7e3f000-b7e40000 rwxp b7e3f000 00:00 0 
b7e40000-b7f98000 r-xp 00000000 08:01 8863804    /lib/tls/i686/cmov/libc-2.8.90.so
b7f98000-b7f9a000 r-xp 00158000 08:01 8863804    /lib/tls/i686/cmov/libc-2.8.90.so
b7f9a000-b7f9b000 rwxp 0015a000 08:01 8863804    /lib/tls/i686/cmov/libc-2.8.90.so
b7f9b000-b7f9e000 rwxp b7f9b000 00:00 0 
b7f9e000-b7fa0000 r-xp 00000000 08:01 8863810    /lib/tls/i686/cmov/libdl-2.8.90.so
b7fa0000-b7fa1000 r-xp 00001000 08:01 8863810    /lib/tls/i686/cmov/libdl-2.8.90.so
b7fa1000-b7fa2000 rwxp 00002000 08:01 8863810    /lib/tls/i686/cmov/libdl-2.8.90.so
b7fa2000-b7fa9000 r-xp 00000000 08:01 81939      /usr/lib/jvm/java-6-sun-1.6.0.10/jre/lib/i386/jli/libjli.so
b7fa9000-b7fab000 rwxp 00006000 08:01 81939      /usr/lib/jvm/java-6-sun-1.6.0.10/jre/lib/i386/jli/libjli.so
b7fab000-b7fac000 rwxp b7fab000 00:00 0 
b7fac000-b7fc1000 r-xp 00000000 08:01 8863906    /lib/tls/i686/cmov/libpthread-2.8.90.so
b7fc1000-b7fc2000 r-xp 00014000 08:01 8863906    /lib/tls/i686/cmov/libpthread-2.8.90.so
b7fc2000-b7fc3000 rwxp 00015000 08:01 8863906    /lib/tls/i686/cmov/libpthread-2.8.90.so
b7fc3000-b7fc5000 rwxp b7fc3000 00:00 0 
b7fc5000-b7fc6000 r-xs 0000d000 08:01 6586377    /usr/lib/jvm/java-6-sun-1.6.0.10/jre/lib/ext/multiplayer.jar
b7fc6000-b7fc7000 r-xs 00008000 08:01 6586376    /usr/lib/jvm/java-6-sun-1.6.0.10/jre/lib/ext/mediaplayer.jar
b7fc7000-b7fcc000 rwxp b7fc7000 00:00 0 
b7fcc000-b7fd3000 r-xp 00000000 08:01 8863898    /lib/tls/i686/cmov/libnss_compat-2.8.90.so
b7fd3000-b7fd4000 r-xp 00006000 08:01 8863898    /lib/tls/i686/cmov/libnss_compat-2.8.90.so
b7fd4000-b7fd5000 rwxp 00007000 08:01 8863898    /lib/tls/i686/cmov/libnss_compat-2.8.90.so
b7fd5000-b7fdb000 r-xp 00000000 08:01 3088755    /usr/lib/jvm/java-6-sun-1.6.0.10/jre/lib/i386/native_threads/libhpi.so
b7fdb000-b7fdc000 rwxp 00006000 08:01 3088755    /usr/lib/jvm/java-6-sun-1.6.0.10/jre/lib/i386/native_threads/libhpi.so
b7fdc000-b7fdd000 rwxp b7fdc000 00:00 0 
b7fdd000-b7fde000 r-xp b7fdd000 00:00 0 
b7fde000-b7fe0000 rwxp b7fde000 00:00 0 
b7fe0000-b7ffa000 r-xp 00000000 08:01 9437212    /lib/ld-2.8.90.so
b7ffa000-b7ffb000 r-xp b7ffa000 00:00 0          [vdso]
b7ffb000-b7ffc000 r-xp 0001a000 08:01 9437212    /lib/ld-2.8.90.so
b7ffc000-b7ffd000 rwxp 0001b000 08:01 9437212    /lib/ld-2.8.90.so
bf9e8000-bf9fd000 rwxp bffeb000 00:00 0          [stack]

VM Arguments:
java_command: org.com.uy.scanntech.surveillance.Test
Launcher Type: SUN_STANDARD

Environment Variables:
JAVA_HOME=/usr/lib/jvm/java-6-sun
PATH=/usr/local/sbin:/usr/local/bin:/usr/sbin:/usr/bin:/sbin:/bin:/usr/games
USERNAME=pablo
LD_LIBRARY_PATH=/usr/lib/jvm/java-6-sun-1.6.0.10/jre/lib/i386/client:/usr/lib/jvm/java-6-sun-1.6.0.10/jre/lib/i386:/usr/lib/jvm/java-6-sun-1.6.0.10/jre/../lib/i386:/usr/lib/xulrunner
SHELL=/bin/bash
DISPLAY=:0.0

Signal Handlers:
SIGSEGV: [libjvm.so+0x3ccf60], sa_mask[0]=0x7ffbfeff, sa_flags=0x10000004
SIGBUS: [libjvm.so+0x3ccf60], sa_mask[0]=0x7ffbfeff, sa_flags=0x10000004
SIGFPE: [libjvm.so+0x30e830], sa_mask[0]=0x7ffbfeff, sa_flags=0x10000004
SIGPIPE: [libjvm.so+0x30e830], sa_mask[0]=0x7ffbfeff, sa_flags=0x10000004
SIGXFSZ: [libjvm.so+0x30e830], sa_mask[0]=0x7ffbfeff, sa_flags=0x10000004
SIGILL: [libjvm.so+0x30e830], sa_mask[0]=0x7ffbfeff, sa_flags=0x10000004
SIGUSR1: SIG_DFL, sa_mask[0]=0x00000000, sa_flags=0x00000000
SIGUSR2: [libjvm.so+0x310d00], sa_mask[0]=0x00000004, sa_flags=0x10000004
SIGHUP: [libjvm.so+0x310aa0], sa_mask[0]=0x7ffbfeff, sa_flags=0x10000004
SIGINT: [libjvm.so+0x310aa0], sa_mask[0]=0x7ffbfeff, sa_flags=0x10000004
SIGTERM: [libjvm.so+0x310aa0], sa_mask[0]=0x7ffbfeff, sa_flags=0x10000004
SIGQUIT: [libjvm.so+0x310aa0], sa_mask[0]=0x7ffbfeff, sa_flags=0x10000004


---------------  S Y S T E M  ---------------

OS:lenny/sid

uname:Linux 2.6.27-14-generic #1 SMP Tue Jun 30 19:57:39 UTC 2009 i686
libc:glibc 2.8.90 NPTL 2.8.90 
rlimit: STACK 8192k, CORE 0k, NPROC 8061, NOFILE 1024, AS infinity
load average:0.65 0.48 0.33

CPU:total 2 (2 cores per cpu, 1 threads per core) family 6 model 15 stepping 2, cmov, cx8, fxsr, mmx, sse, sse2, sse3, ssse3

Memory: 4k page, physical 1016812k(42248k free), swap 3317380k(3020288k free)

vm_info: Java HotSpot(TM) Client VM (11.0-b15) for linux-x86 JRE (1.6.0_10-b33), built on Sep 26 2008 01:18:27 by "java_re" with gcc 3.2.1-7a (J2SE release)

time: Thu Aug 13 14:56:06 2009
elapsed time: 5 seconds

